/tools/cadence/XCELIUM/24.09.011/tools.lnx86/inca/bin/64bit/xmelab
Obtained 29 stack frames.
/tools/cadence/XCELIUM/24.09.011/tools.lnx86/inca/bin/64bit/../../../lib/64bit/libcbreakpad.so(_Z13use_backtracev+0x9d) [0x1517178bc1a3]
/tools/cadence/XCELIUM/24.09.011/tools.lnx86/inca/bin/64bit/../../../lib/64bit/libcbreakpad.so(cbpad_generate_dump_on_demand+0x66) [0x1517178bc630]
xmelab() [0x337c098]
xmelab(serror+0x1cd) [0x337d76d]
xmelab() [0x2331f47]
xmelab() [0x23326ed]
/lib64/libpthread.so.0(+0x12990) [0x1517172ec990]
xmelab() [0x3078ab9]
xmelab() [0x307992e]
xmelab() [0x1e62db5]
xmelab() [0x1e63aa2]
xmelab() [0x1e61fc6]
xmelab() [0x1e65ec8]
xmelab() [0x1e6650c]
xmelab() [0x1e6650c]
xmelab() [0x1e5fdf9]
xmelab() [0x1e5f068]
xmelab() [0x1e5f3bf]
xmelab() [0x1e60ab7]
xmelab() [0x1e5ee87]
xmelab(_ZN5tower5graph14GraphGenerator8generateEii+0x194) [0x1f1a2b4]
xmelab() [0x19a7f25]
xmelab() [0x19ac54a]
xmelab() [0x19afb13]
xmelab() [0xe2457a]
xmelab() [0xe67d10]
xmelab(main+0x10) [0xb7deb0]
/lib64/libc.so.6(__libc_start_main+0xe5) [0x1517167887e5]
xmelab() [0xb7dee0]
